<?xml version="1.0" encoding="UTF-8"?>
<testsuite xmlns:xsi="http://www.w3.org/2001/XMLSchema-instance" xsi:noNamespaceSchemaLocation="https://maven.apache.org/surefire/maven-surefire-plugin/xsd/surefire-test-report-3.0.xsd" version="3.0" name="com.tests.SeleniumTest" time="44.557" tests="5" errors="3" skipped="0" failures="0">
  <properties>
[...]
</properties>
  <testcase name="automationPracticePurchase1" classname="com.tests.SeleniumTest" time="17.76"/>
  <testcase name="automationPracticePurchase2" classname="com.tests.SeleniumTest" time="15.117"/>
  <testcase name="automationPracticePurchase3" classname="com.tests.SeleniumTest" time="6.535">
    <error message="no such window: target window already closed&#10;from unknown error: web view not found&#10;  (Session info: chrome=90.0.4430.212)&#10;Build info: version: &apos;3.141.59&apos;, revision: &apos;e82be7d358&apos;, time: &apos;2018-11-14T08:17:03&apos;&#10;System info: host: &apos;1K55P13&apos;, ip: &apos;192.168.0.31&apos;, os.name: &apos;Windows 10&apos;, os.arch: &apos;amd64&apos;, os.version: &apos;10.0&apos;, java.version: &apos;11&apos;&#10;Driver info: org.openqa.selenium.chrome.ChromeDriver&#10;Capabilities {acceptInsecureCerts: false, browserName: chrome, browserVersion: 90.0.4430.212, chrome: {chromedriverVersion: 90.0.4430.24 (4c6d850f087da..., userDataDir: C:\Users\dhryciuk\AppData\L...}, goog:chromeOptions: {debuggerAddress: localhost:50078}, javascriptEnabled: true, networkConnectionEnabled: false, pageLoadStrategy: normal, platform: WINDOWS, platformName: WINDOWS, proxy: Proxy(), setWindowRect: true, strictFileInteractability: false, timeouts: {implicit: 0, pageLoad: 300000, script: 30000}, unhandledPromptBehavior: dismiss and notify, webauthn:extension:largeBlob: true, webauthn:virtualAuthenticators: true}&#10;Session ID: c1c9132ca7902cc2da2f6db769fa652f&#10;*** Element info: {Using=partial link text, value=Sign in}" type="org.openqa.selenium.NoSuchWindowException">org.openqa.selenium.NoSuchWindowException: 
no such window: target window already closed
from unknown error: web view not found
  (Session info: chrome=90.0.4430.212)
Build info: version: '3.141.59', revision: 'e82be7d358', time: '2018-11-14T08:17:03'
System info: host: '1K55P13', ip: '192.168.0.31', os.name: 'Windows 10', os.arch: 'amd64', os.version: '10.0', java.version: '11'
Driver info: org.openqa.selenium.chrome.ChromeDriver
Capabilities {acceptInsecureCerts: false, browserName: chrome, browserVersion: 90.0.4430.212, chrome: {chromedriverVersion: 90.0.4430.24 (4c6d850f087da..., userDataDir: C:\Users\dhryciuk\AppData\L...}, goog:chromeOptions: {debuggerAddress: localhost:50078}, javascriptEnabled: true, networkConnectionEnabled: false, pageLoadStrategy: normal, platform: WINDOWS, platformName: WINDOWS, proxy: Proxy(), setWindowRect: true, strictFileInteractability: false, timeouts: {implicit: 0, pageLoad: 300000, script: 30000}, unhandledPromptBehavior: dismiss and notify, webauthn:extension:largeBlob: true, webauthn:virtualAuthenticators: true}
Session ID: c1c9132ca7902cc2da2f6db769fa652f
*** Element info: {Using=partial link text, value=Sign in}
	at com.tests.SeleniumTest.automationPracticePurchase3(SeleniumTest.java:59)
</error>
    <system-out><![CDATA[2021-06-05 15:49:57 &amp#27;[39mDEBUG&amp#27;[0;39m - &amp#27;[39m Resolution chrome=90 in cache (valid until 16:47:06 05/06/2021 CEST)
&amp#27;[0;39m2021-06-05 15:49:57 &amp#27;[39mDEBUG&amp#27;[0;39m - &amp#27;[39m Resolution chrome90=90.0.4430.24 in cache (valid until 13:42:12 06/06/2021 CEST)
&amp#27;[0;39m2021-06-05 15:49:57 &amp#27;[34mINFO &amp#27;[0;39m - &amp#27;[34m Using chromedriver 90.0.4430.24 (resolved driver for Chrome 90)
&amp#27;[0;39m2021-06-05 15:49:57 &amp#27;[39mTRACE&amp#27;[0;39m - &amp#27;[39m Checking if chromedriver exists in cache
&amp#27;[0;39m2021-06-05 15:49:57 &amp#27;[39mTRACE&amp#27;[0;39m - &amp#27;[39m Filter cache by chromedriver -- input list [C:\Users\dhryciuk\.cache\selenium\chromedriver\win32\90.0.4430.24\chromedriver.exe, C:\Users\dhryciuk\.cache\selenium\geckodriver\win64\0.26.0\geckodriver.exe, C:\Users\dhryciuk\.cache\selenium\resolution.properties] -- output list [C:\Users\dhryciuk\.cache\selenium\chromedriver\win32\90.0.4430.24\chromedriver.exe] 
&amp#27;[0;39m2021-06-05 15:49:57 &amp#27;[39mTRACE&amp#27;[0;39m - &amp#27;[39m Filter cache by 90.0.4430.24 -- input list [C:\Users\dhryciuk\.cache\selenium\chromedriver\win32\90.0.4430.24\chromedriver.exe] -- output list [C:\Users\dhryciuk\.cache\selenium\chromedriver\win32\90.0.4430.24\chromedriver.exe] 
&amp#27;[0;39m2021-06-05 15:49:57 &amp#27;[39mTRACE&amp#27;[0;39m - &amp#27;[39m Filter cache by WIN -- input list [C:\Users\dhryciuk\.cache\selenium\chromedriver\win32\90.0.4430.24\chromedriver.exe] -- output list [C:\Users\dhryciuk\.cache\selenium\chromedriver\win32\90.0.4430.24\chromedriver.exe] 
&amp#27;[0;39m2021-06-05 15:49:57 &amp#27;[39mDEBUG&amp#27;[0;39m - &amp#27;[39m Driver chromedriver 90.0.4430.24 found in cache
&amp#27;[0;39m2021-06-05 15:49:57 &amp#27;[34mINFO &amp#27;[0;39m - &amp#27;[34m Exporting webdriver.chrome.driver as C:\Users\dhryciuk\.cache\selenium\chromedriver\win32\90.0.4430.24\chromedriver.exe
&amp#27;[0;39m2021-06-05 15:50:02 &amp#27;[39mDEBUG&amp#27;[0;39m - &amp#27;[39m Creating page object: MainPage
&amp#27;[0;39m2021-06-05 15:50:02 &amp#27;[39mDEBUG&amp#27;[0;39m - &amp#27;[39m Driver initialized
&amp#27;[0;39m2021-06-05 15:50:02 &amp#27;[34mINFO &amp#27;[0;39m - &amp#27;[34m >>>> Start test >>>>>
&amp#27;[0;39m2021-06-05 15:50:02 &amp#27;[34mINFO &amp#27;[0;39m - &amp#27;[34m Go to 'Sign in' page
&amp#27;[0;39m2021-06-05 15:50:03 &amp#27;[39mDEBUG&amp#27;[0;39m - &amp#27;[39m Driver closed
&amp#27;[0;39m]]></system-out>
    <system-err><![CDATA[Starting ChromeDriver 90.0.4430.24 (4c6d850f087da467d926e8eddb76550aed655991-refs/branch-heads/4430@{#429}) on port 16052
Only local connections are allowed.
Please see https://chromedriver.chromium.org/security-considerations for suggestions on keeping ChromeDriver safe.
ChromeDriver was started successfully.
cze 05, 2021 3:49:58 PM org.openqa.selenium.remote.ProtocolHandshake createSession
INFO: Detected dialect: W3C
]]></system-err>
  </testcase>
  <testcase name="automationPracticePurchase4" classname="com.tests.SeleniumTest" time="2.385">
    <error message="unknown error: cannot determine loading status&#10;from disconnected: received Inspector.detached event&#10;  (Session info: chrome=90.0.4430.212)&#10;Build info: version: &apos;3.141.59&apos;, revision: &apos;e82be7d358&apos;, time: &apos;2018-11-14T08:17:03&apos;&#10;System info: host: &apos;1K55P13&apos;, ip: &apos;192.168.0.31&apos;, os.name: &apos;Windows 10&apos;, os.arch: &apos;amd64&apos;, os.version: &apos;10.0&apos;, java.version: &apos;11&apos;&#10;Driver info: org.openqa.selenium.chrome.ChromeDriver&#10;Capabilities {acceptInsecureCerts: false, browserName: chrome, browserVersion: 90.0.4430.212, chrome: {chromedriverVersion: 90.0.4430.24 (4c6d850f087da..., userDataDir: C:\Users\dhryciuk\AppData\L...}, goog:chromeOptions: {debuggerAddress: localhost:50102}, javascriptEnabled: true, networkConnectionEnabled: false, pageLoadStrategy: normal, platform: WINDOWS, platformName: WINDOWS, proxy: Proxy(), setWindowRect: true, strictFileInteractability: false, timeouts: {implicit: 0, pageLoad: 300000, script: 30000}, unhandledPromptBehavior: dismiss and notify, webauthn:extension:largeBlob: true, webauthn:virtualAuthenticators: true}&#10;Session ID: 729e5f768a3403258bdf60cd22b6d497" type="org.openqa.selenium.WebDriverException">org.openqa.selenium.WebDriverException: 
unknown error: cannot determine loading status
from disconnected: received Inspector.detached event
  (Session info: chrome=90.0.4430.212)
Build info: version: '3.141.59', revision: 'e82be7d358', time: '2018-11-14T08:17:03'
System info: host: '1K55P13', ip: '192.168.0.31', os.name: 'Windows 10', os.arch: 'amd64', os.version: '10.0', java.version: '11'
Driver info: org.openqa.selenium.chrome.ChromeDriver
Capabilities {acceptInsecureCerts: false, browserName: chrome, browserVersion: 90.0.4430.212, chrome: {chromedriverVersion: 90.0.4430.24 (4c6d850f087da..., userDataDir: C:\Users\dhryciuk\AppData\L...}, goog:chromeOptions: {debuggerAddress: localhost:50102}, javascriptEnabled: true, networkConnectionEnabled: false, pageLoadStrategy: normal, platform: WINDOWS, platformName: WINDOWS, proxy: Proxy(), setWindowRect: true, strictFileInteractability: false, timeouts: {implicit: 0, pageLoad: 300000, script: 30000}, unhandledPromptBehavior: dismiss and notify, webauthn:extension:largeBlob: true, webauthn:virtualAuthenticators: true}
Session ID: 729e5f768a3403258bdf60cd22b6d497
</error>
    <system-out><![CDATA[2021-06-05 15:50:03 &amp#27;[39mDEBUG&amp#27;[0;39m - &amp#27;[39m Resolution chrome=90 in cache (valid until 16:47:06 05/06/2021 CEST)
&amp#27;[0;39m2021-06-05 15:50:03 &amp#27;[39mDEBUG&amp#27;[0;39m - &amp#27;[39m Resolution chrome90=90.0.4430.24 in cache (valid until 13:42:12 06/06/2021 CEST)
&amp#27;[0;39m2021-06-05 15:50:03 &amp#27;[34mINFO &amp#27;[0;39m - &amp#27;[34m Using chromedriver 90.0.4430.24 (resolved driver for Chrome 90)
&amp#27;[0;39m2021-06-05 15:50:03 &amp#27;[39mTRACE&amp#27;[0;39m - &amp#27;[39m Checking if chromedriver exists in cache
&amp#27;[0;39m2021-06-05 15:50:03 &amp#27;[39mTRACE&amp#27;[0;39m - &amp#27;[39m Filter cache by chromedriver -- input list [C:\Users\dhryciuk\.cache\selenium\chromedriver\win32\90.0.4430.24\chromedriver.exe, C:\Users\dhryciuk\.cache\selenium\geckodriver\win64\0.26.0\geckodriver.exe, C:\Users\dhryciuk\.cache\selenium\resolution.properties] -- output list [C:\Users\dhryciuk\.cache\selenium\chromedriver\win32\90.0.4430.24\chromedriver.exe] 
&amp#27;[0;39m2021-06-05 15:50:03 &amp#27;[39mTRACE&amp#27;[0;39m - &amp#27;[39m Filter cache by 90.0.4430.24 -- input list [C:\Users\dhryciuk\.cache\selenium\chromedriver\win32\90.0.4430.24\chromedriver.exe] -- output list [C:\Users\dhryciuk\.cache\selenium\chromedriver\win32\90.0.4430.24\chromedriver.exe] 
&amp#27;[0;39m2021-06-05 15:50:03 &amp#27;[39mTRACE&amp#27;[0;39m - &amp#27;[39m Filter cache by WIN -- input list [C:\Users\dhryciuk\.cache\selenium\chromedriver\win32\90.0.4430.24\chromedriver.exe] -- output list [C:\Users\dhryciuk\.cache\selenium\chromedriver\win32\90.0.4430.24\chromedriver.exe] 
&amp#27;[0;39m2021-06-05 15:50:03 &amp#27;[39mDEBUG&amp#27;[0;39m - &amp#27;[39m Driver chromedriver 90.0.4430.24 found in cache
&amp#27;[0;39m2021-06-05 15:50:03 &amp#27;[34mINFO &amp#27;[0;39m - &amp#27;[34m Exporting webdriver.chrome.driver as C:\Users\dhryciuk\.cache\selenium\chromedriver\win32\90.0.4430.24\chromedriver.exe
&amp#27;[0;39m2021-06-05 15:50:06 &amp#27;[39mDEBUG&amp#27;[0;39m - &amp#27;[39m Driver closed
&amp#27;[0;39m]]></system-out>
    <system-err><![CDATA[Starting ChromeDriver 90.0.4430.24 (4c6d850f087da467d926e8eddb76550aed655991-refs/branch-heads/4430@{#429}) on port 38684
Only local connections are allowed.
Please see https://chromedriver.chromium.org/security-considerations for suggestions on keeping ChromeDriver safe.
ChromeDriver was started successfully.
cze 05, 2021 3:50:04 PM org.openqa.selenium.remote.ProtocolHandshake createSession
INFO: Detected dialect: W3C
]]></system-err>
  </testcase>
  <testcase name="automationPracticePurchase5" classname="com.tests.SeleniumTest" time="2.266">
    <error message="unknown error: cannot determine loading status&#10;from disconnected: received Inspector.detached event&#10;  (Session info: chrome=90.0.4430.212)&#10;Build info: version: &apos;3.141.59&apos;, revision: &apos;e82be7d358&apos;, time: &apos;2018-11-14T08:17:03&apos;&#10;System info: host: &apos;1K55P13&apos;, ip: &apos;192.168.0.31&apos;, os.name: &apos;Windows 10&apos;, os.arch: &apos;amd64&apos;, os.version: &apos;10.0&apos;, java.version: &apos;11&apos;&#10;Driver info: org.openqa.selenium.chrome.ChromeDriver&#10;Capabilities {acceptInsecureCerts: false, browserName: chrome, browserVersion: 90.0.4430.212, chrome: {chromedriverVersion: 90.0.4430.24 (4c6d850f087da..., userDataDir: C:\Users\dhryciuk\AppData\L...}, goog:chromeOptions: {debuggerAddress: localhost:50116}, javascriptEnabled: true, networkConnectionEnabled: false, pageLoadStrategy: normal, platform: WINDOWS, platformName: WINDOWS, proxy: Proxy(), setWindowRect: true, strictFileInteractability: false, timeouts: {implicit: 0, pageLoad: 300000, script: 30000}, unhandledPromptBehavior: dismiss and notify, webauthn:extension:largeBlob: true, webauthn:virtualAuthenticators: true}&#10;Session ID: e101412efbf328589aa7f199ec81fce4" type="org.openqa.selenium.WebDriverException">org.openqa.selenium.WebDriverException: 
unknown error: cannot determine loading status
from disconnected: received Inspector.detached event
  (Session info: chrome=90.0.4430.212)
Build info: version: '3.141.59', revision: 'e82be7d358', time: '2018-11-14T08:17:03'
System info: host: '1K55P13', ip: '192.168.0.31', os.name: 'Windows 10', os.arch: 'amd64', os.version: '10.0', java.version: '11'
Driver info: org.openqa.selenium.chrome.ChromeDriver
Capabilities {acceptInsecureCerts: false, browserName: chrome, browserVersion: 90.0.4430.212, chrome: {chromedriverVersion: 90.0.4430.24 (4c6d850f087da..., userDataDir: C:\Users\dhryciuk\AppData\L...}, goog:chromeOptions: {debuggerAddress: localhost:50116}, javascriptEnabled: true, networkConnectionEnabled: false, pageLoadStrategy: normal, platform: WINDOWS, platformName: WINDOWS, proxy: Proxy(), setWindowRect: true, strictFileInteractability: false, timeouts: {implicit: 0, pageLoad: 300000, script: 30000}, unhandledPromptBehavior: dismiss and notify, webauthn:extension:largeBlob: true, webauthn:virtualAuthenticators: true}
Session ID: e101412efbf328589aa7f199ec81fce4
</error>
    <system-out><![CDATA[2021-06-05 15:50:06 &amp#27;[39mDEBUG&amp#27;[0;39m - &amp#27;[39m Resolution chrome=90 in cache (valid until 16:47:06 05/06/2021 CEST)
&amp#27;[0;39m2021-06-05 15:50:06 &amp#27;[39mDEBUG&amp#27;[0;39m - &amp#27;[39m Resolution chrome90=90.0.4430.24 in cache (valid until 13:42:12 06/06/2021 CEST)
&amp#27;[0;39m2021-06-05 15:50:06 &amp#27;[34mINFO &amp#27;[0;39m - &amp#27;[34m Using chromedriver 90.0.4430.24 (resolved driver for Chrome 90)
&amp#27;[0;39m2021-06-05 15:50:06 &amp#27;[39mTRACE&amp#27;[0;39m - &amp#27;[39m Checking if chromedriver exists in cache
&amp#27;[0;39m2021-06-05 15:50:06 &amp#27;[39mTRACE&amp#27;[0;39m - &amp#27;[39m Filter cache by chromedriver -- input list [C:\Users\dhryciuk\.cache\selenium\chromedriver\win32\90.0.4430.24\chromedriver.exe, C:\Users\dhryciuk\.cache\selenium\geckodriver\win64\0.26.0\geckodriver.exe, C:\Users\dhryciuk\.cache\selenium\resolution.properties] -- output list [C:\Users\dhryciuk\.cache\selenium\chromedriver\win32\90.0.4430.24\chromedriver.exe] 
&amp#27;[0;39m2021-06-05 15:50:06 &amp#27;[39mTRACE&amp#27;[0;39m - &amp#27;[39m Filter cache by 90.0.4430.24 -- input list [C:\Users\dhryciuk\.cache\selenium\chromedriver\win32\90.0.4430.24\chromedriver.exe] -- output list [C:\Users\dhryciuk\.cache\selenium\chromedriver\win32\90.0.4430.24\chromedriver.exe] 
&amp#27;[0;39m2021-06-05 15:50:06 &amp#27;[39mTRACE&amp#27;[0;39m - &amp#27;[39m Filter cache by WIN -- input list [C:\Users\dhryciuk\.cache\selenium\chromedriver\win32\90.0.4430.24\chromedriver.exe] -- output list [C:\Users\dhryciuk\.cache\selenium\chromedriver\win32\90.0.4430.24\chromedriver.exe] 
&amp#27;[0;39m2021-06-05 15:50:06 &amp#27;[39mDEBUG&amp#27;[0;39m - &amp#27;[39m Driver chromedriver 90.0.4430.24 found in cache
&amp#27;[0;39m2021-06-05 15:50:06 &amp#27;[34mINFO &amp#27;[0;39m - &amp#27;[34m Exporting webdriver.chrome.driver as C:\Users\dhryciuk\.cache\selenium\chromedriver\win32\90.0.4430.24\chromedriver.exe
&amp#27;[0;39m2021-06-05 15:50:08 &amp#27;[39mDEBUG&amp#27;[0;39m - &amp#27;[39m Driver closed
&amp#27;[0;39m]]></system-out>
    <system-err><![CDATA[Starting ChromeDriver 90.0.4430.24 (4c6d850f087da467d926e8eddb76550aed655991-refs/branch-heads/4430@{#429}) on port 38213
Only local connections are allowed.
Please see https://chromedriver.chromium.org/security-considerations for suggestions on keeping ChromeDriver safe.
ChromeDriver was started successfully.
cze 05, 2021 3:50:07 PM org.openqa.selenium.remote.ProtocolHandshake createSession
INFO: Detected dialect: W3C
]]></system-err>
  </testcase>
</testsuite>